*****************************
***********SYSTEM************
*****************************
Unity Version:2021.3.14f1
OS:Windows 10  (10.0.19044) 64bit
System Time: 2023-04-04 9:01:35 AM

*****************************
***********PROJECT***********
*****************************
Scripting Define Symbols: C3D_DEFAULT;C3D_VARJOXR
Packages:
SDK Version: 1.0.8
Api Key: ****BBK2
Developer Key: ****NJUX
Enable Logging: True
Enable Development Logging: False
Gaze Type: Physics
Snapshot Interval: 0.1
Dynamic Object Search in Parent: True
Dynamic Object Layer Mask: -1
Track GPS Location: False
GPS Accuracy: 2
Record Floor Position: True
Automatic Send Timer: 10
Gaze Snapshot Batch Size: 64
Event Snapshot Batch Size: 64
Dynamic Snapshot Batch Size: 128
Sensor Snapshot Batch Size: 128
Fixation Snapshot Batch Size: 64
Save Data to Local Cache if no internet connection: True
Cache Size (bytes): 104857600
Cache Size (mb): 100.0 MB
Custom Protocol: https
Custom Gateway: data.cognitive3d.com
Custom Viewer: viewer.cognitive3d.com/scene/
Custom Dashboard: app.cognitive3d.com
Texture Export Quality: 1
Export Lowest LOD from LODGroup Components: True
Export AO Maps: False
Scene Settings:

*****************************
********CURRENT SCENE********
*****************************
Scene Name: LoginPage
Scene Settings not included in Preferences
Main Camera GameObject: Main Camera
Manager Initialize On Start: True
Manager Startup Delay Time (s): 0

*****************************
****CURRENT SCENE OBJECTS****
*****************************
Dynamic Object Count: 0

*****************************
********EXPORT FOLDER********
*****************************
/Cognitive3D_SceneExplorerExport (0mb)
   /LoginPage (0.00mb)
      settings.json (0.00mb)
